  0.500000000    
  0.523949146    
  0.547898352    
  0.571847498    
  0.595796704    
  0.619745851    
  0.643694997    
  0.667644143    
  0.691593349    
  0.715542555    
  0.739491701    
  0.763440847    
  0.787389994    
  0.811339200    
  0.835288346    
  0.859237552    
  0.883186698    
  0.907135844    
  0.931085050    
  0.955034196    
  0.978983402    
   1.00293255    
   1.02688169    
   1.05083084    
   1.07477999    
   1.09872913    
   1.12267840    
   1.14662755    
   1.17057669    
   1.19452596    
   1.21847510    
   1.24242425    
   1.26637340    
   1.29032254    
   1.31427169    
   1.33822083    
   1.36217010    
   1.38611925    
   1.41006839    
   1.43401766    
   1.45796680    
   1.48191595    
   1.50586510    
   1.52981424    
   1.55376339    
   1.57771254    
   1.60166180    
   1.62561095    
   1.64956009    
   1.67350924    
   1.69745839    
   1.72140765    
   1.74535680    
   1.76930594    
   1.79325509    
   1.81720424    
   1.84115338    
   1.86510265    
   1.88905180    
   1.91300094    
   1.93695009    
   1.96089923    
   1.98484850    
   2.00879765    
   2.03274679    
   2.05669594    
   2.08064508    
   2.10459423    
   2.12854338    
   2.15249252    
   2.17644167    
   2.20039082    
   2.22434020    
   2.24828935    
   2.27223849    
   2.29618764    
   2.32013679    
   2.34408593    
   2.36803532    
   2.39198446    
   2.41593361    
   2.43988276    
   2.46383190    
   2.48778105    
   2.51173019    
   2.53567934    
   2.55962849    
   2.58357763    
   2.60752678    
   2.63147593    
   2.65542507    
   2.67937446    
   2.70332360    
   2.72727275    
   2.75122190    
   2.77517104    
   2.79912019    
   2.82306933    
   2.84701848    
   2.87096763    
   2.89491677    
   2.91886592    
   2.94281530    
   2.96676445    
   2.99071360    
   3.01466274    
   3.03861189    
   3.06256104    
   3.08651018    
   3.11045933    
   3.13440847    
   3.15835762    
   3.18230677    
   3.20625615    
   3.23020530    
   3.25415444    
   3.27810359    
   3.30205274    
   3.32600188    
   3.34995103    
   3.37390018    
   3.39784932    
   3.42179847    
   3.44574785    
   3.46969700    
   3.49364614    
   3.51759529    
   3.54154444    
   3.56549358    
   3.58944273    
   3.61339188    
   3.63734102    
   3.66129017    
   3.68523932    
   3.70918870    
   3.73313785    
   3.75708699    
   3.78103614    
   3.80498528    
   3.82893443    
   3.85288358    
   3.87683272    
   3.90078187    
   3.92473102    
   3.94868040    
   3.97262955    
   3.99657869    
   4.02052784    
   4.04447699    
   4.06842613    
   4.09237528    
   4.11632442    
   4.14027357    
   4.16422272    
   4.18817186    
   4.21212101    
   4.23607063    
   4.26001930    
   4.28396893    
   4.30791759    
   4.33186722    
   4.35581589    
   4.37976551    
   4.40371418    
   4.42766380    
   4.45161247    
   4.47556210    
   4.49951124    
   4.52346039    
   4.54740953    
   4.57135868    
   4.59530783    
   4.61925697    
   4.64320612    
   4.66715527    
   4.69110441    
   4.71505356    
   4.73900270    
   4.76295185    
   4.78690100    
   4.81085014    
   4.83479929    
   4.85874891    
   4.88269806    
   4.90664721    
   4.93059635    
   4.95454550    
   4.97849464    
   5.00244379    
   5.02639294    
   5.05034208    
   5.07429123    
   5.09824038    
   5.12218952    
   5.14613867    
   5.17008781    
   5.19403696    
   5.21798611    
   5.24193525    
   5.26588440    
   5.28983355    
   5.31378269    
   5.33773184    
   5.36168146    
   5.38563061    
   5.40957975    
   5.43352890    
   5.45747805    
   5.48142719    
   5.50537634    
   5.52932549    
   5.55327463    
   5.57722378    
   5.60117292    
   5.62512207    
   5.64907122    
   5.67302036    
   5.69696951    
   5.72091866    
   5.74486780    
   5.76881695    
   5.79276609    
   5.81671524    
   5.84066439    
   5.86461353    
   5.88856316    
   5.91251230    
   5.93646145    
   5.96041059    
   5.98435974    
   6.00830889    
   6.03225803    
   6.05620718    
   6.08015633    
   6.10410547    
   6.12805462    
   6.15200377    
   6.17595291    
   6.19990206    
   6.22385120    
   6.24780035    
   6.27174950    
   6.29569864    
   6.31964779    
   6.34359694    
   6.36754608    
   6.39149570    
   6.41544485    
   6.43939400    
   6.46334314    
   6.48729229    
   6.51124144    
   6.53519058    
   6.55913973    
   6.58308887    
   6.60703802    
   6.63098717    
   6.65493631    
   6.67888546    
   6.70283461    
   6.72678375    
   6.75073290    
   6.77468204    
   6.79863119    
   6.82258034    
   6.84652948    
   6.87047863    
   6.89442825    
   6.91837740    
   6.94232655    
   6.96627569    
   6.99022484    
   7.01417398    
   7.03812313    
   7.06207228    
   7.08602142    
   7.10997057    
   7.13391972    
   7.15786886    
   7.18181801    
   7.20576715    
   7.22971630    
   7.25366545    
   7.27761459    
   7.30156374    
   7.32551289    
   7.34946203    
   7.37341118    
   7.39736080    
   7.42130995    
   7.44525909    
   7.46920824    
   7.49315739    
   7.51710653    
   7.54105568    
   7.56500483    
   7.58895397    
   7.61290312    
   7.63685226    
   7.66080141    
   7.68475056    
   7.70869970    
   7.73264885    
   7.75659800    
   7.78054714    
   7.80449629    
   7.82844543    
   7.85239458    
   7.87634373    
   7.90029287    
   7.92424250    
   7.94819164    
   7.97214079    
   7.99608994    
   8.02003860    
   8.04398823    
   8.06793785    
   8.09188652    
   8.11583519    
   8.13978481    
   8.16373444    
   8.18768311    
   8.21163177    
   8.23558140    
   8.25953102    
   8.28347969    
   8.30742836    
   8.33137798    
   8.35532761    
   8.37927628    
   8.40322495    
   8.42717552    
   8.45112419    
   8.47507286    
   8.49902248    
   8.52297115    
   8.54692078    
   8.57086945    
   8.59481907    
   8.61876774    
   8.64271736    
   8.66666603    
   8.69061565    
   8.71456528    
   8.73851395    
   8.76246357    
   8.78641224    
   8.81036186    
   8.83431053    
   8.85826015    
   8.88220882    
   8.90615845    
   8.93010712    
   8.95405674    
   8.97800541    
   9.00195503    
   9.02590370    
   9.04985332    
   9.07380199    
   9.09775162    
   9.12170029    
   9.14564991    
   9.16959858    
   9.19354820    
   9.21749783    
   9.24144650    
   9.26539612    
   9.28934479    
   9.31329441    
   9.33724308    
   9.36119270    
   9.38514137    
   9.40909100    
   9.43303967    
   9.45698929    
   9.48093796    
   9.50488758    
   9.52883625    
   9.55278587    
   9.57673454    
   9.60068417    
   9.62463284    
   9.64858246    
   9.67253113    
   9.69648075    
   9.72043037    
   9.74437904    
   9.76832867    
   9.79227734    
   9.81622696    
   9.84017563    
   9.86412525    
   9.88807392    
   9.91202354    
   9.93597221    
   9.95992184    
   9.98387051    
   10.0078201    
   10.0317688    
   10.0557184    
   10.0796671    
   10.1036167    
   10.1275654    
   10.1515150    
   10.1754637    
   10.1994133    
   10.2233629    
   10.2473116    
   10.2712612    
   10.2952099    
   10.3191595    
   10.3431082    
   10.3670578    
   10.3910065    
   10.4149561    
   10.4389048    
   10.4628544    
   10.4868031    
   10.5107527    
   10.5347013    
   10.5586510    
   10.5825996    
   10.6065493    
   10.6304979    
   10.6544476    
   10.6783962    
   10.7023458    
   10.7262955    
   10.7502441    
   10.7741938    
   10.7981424    
   10.8220921    
   10.8460407    
   10.8699903    
   10.8939390    
   10.9178886    
   10.9418373    
   10.9657869    
   10.9897356    
   11.0136852    
   11.0376339    
   11.0615835    
   11.0855322    
   11.1094818    
   11.1334305    
   11.1573801    
   11.1813288    
   11.2052784    
   11.2292271    
   11.2531767    
   11.2771263    
   11.3010750    
   11.3250246    
   11.3489733    
   11.3729229    
   11.3968716    
   11.4208212    
   11.4447699    
   11.4687195    
   11.4926682    
   11.5166178    
   11.5405664    
   11.5645161    
   11.5884647    
   11.6124144    
   11.6363630    
   11.6603127    
   11.6842613    
   11.7082109    
   11.7321596    
   11.7561092    
   11.7800589    
   11.8040075    
   11.8279572    
   11.8519058    
   11.8758554    
   11.8998041    
   11.9237537    
   11.9477024    
   11.9716520    
   11.9956007    
   12.0195503    
   12.0434990    
   12.0674486    
   12.0913973    
   12.1153469    
   12.1392956    
   12.1632452    
   12.1871939    
   12.2111435    
   12.2350922    
   12.2590418    
   12.2829914    
   12.3069401    
   12.3308897    
   12.3548384    
   12.3787880    
   12.4027367    
   12.4266863    
   12.4506350    
   12.4745846    
   12.4985332    
   12.5224829    
   12.5464315    
   12.5703812    
   12.5943298    
   12.6182795    
   12.6422281    
   12.6661777    
   12.6901264    
   12.7140760    
   12.7380247    
   12.7619743    
   12.7859240    
   12.8098726    
   12.8338223    
   12.8577709    
   12.8817205    
   12.9056692    
   12.9296188    
   12.9535675    
   12.9775171    
   13.0014658    
   13.0254154    
   13.0493641    
   13.0733137    
   13.0972624    
   13.1212120    
   13.1451607    
   13.1691103    
   13.1930590    
   13.2170086    
   13.2409573    
   13.2649069    
   13.2888565    
   13.3128052    
   13.3367548    
   13.3607035    
   13.3846531    
   13.4086018    
   13.4325514    
   13.4565001    
   13.4804497    
   13.5043983    
   13.5283480    
   13.5522966    
   13.5762463    
   13.6001949    
   13.6241446    
   13.6480932    
   13.6720428    
   13.6959915    
   13.7199411    
   13.7438898    
   13.7678394    
   13.7917891    
   13.8157377    
   13.8396873    
   13.8636360    
   13.8875856    
   13.9115343    
   13.9354839    
   13.9594326    
   13.9833822    
   14.0073309    
   14.0312805    
   14.0552292    
   14.0791788    
   14.1031275    
   14.1270771    
   14.1510258    
   14.1749754    
   14.1989241    
   14.2228737    
   14.2468224    
   14.2707720    
   14.2947216    
   14.3186703    
   14.3426199    
   14.3665686    
   14.3905182    
   14.4144669    
   14.4384165    
   14.4623652    
   14.4863148    
   14.5102634    
   14.5342131    
   14.5581617    
   14.5821114    
   14.6060600    
   14.6300097    
   14.6539583    
   14.6779079    
   14.7018566    
   14.7258062    
   14.7497549    
   14.7737045    
   14.7976532    
   14.8216028    
   14.8455524    
   14.8695011    
   14.8934507    
   14.9173994    
   14.9413490    
   14.9652977    
   14.9892473    
   15.0131960    
   15.0371456    
   15.0610943    
   15.0850439    
   15.1089926    
   15.1329422    
   15.1568909    
   15.1808405    
   15.2047892    
   15.2287388    
   15.2526875    
   15.2766371    
   15.3005857    
   15.3245354    
   15.3484850    
   15.3724337    
   15.3963833    
   15.4203320    
   15.4442816    
   15.4682302    
   15.4921799    
   15.5161285    
   15.5400782    
   15.5640268    
   15.5879765    
   15.6119251    
   15.6358747    
   15.6598234    
   15.6837730    
   15.7077217    
   15.7316713    
   15.7556200    
   15.7795696    
   15.8035183    
   15.8274679    
   15.8514175    
   15.8753662    
   15.8993158    
   15.9232645    
   15.9472141    
   15.9711628    
   15.9951124    
   16.0190620    
   16.0430107    
   16.0669594    
   16.0909081    
   16.1148567    
   16.1388073    
   16.1627560    
   16.1867065    
   16.2106552    
   16.2346039    
   16.2585526    
   16.2825012    
   16.3064499    
   16.3304005    
   16.3543510    
   16.3782997    
   16.4022484    
   16.4261971    
   16.4501457    
   16.4740944    
   16.4980450    
   16.5219936    
   16.5459423    
   16.5698929    
   16.5938416    
   16.6177902    
   16.6417389    
   16.6656895    
   16.6896381    
   16.7135868    
   16.7375355    
   16.7614861    
   16.7854347    
   16.8093834    
   16.8333321    
   16.8572826    
   16.8812313    
   16.9051800    
   16.9291306    
   16.9530792    
   16.9770279    
   17.0009766    
   17.0249271    
   17.0488758    
   17.0728245    
   17.0967731    
   17.1207237    
   17.1446724    
   17.1686211    
   17.1925697    
   17.2165203    
   17.2404690    
   17.2644176    
   17.2883663    
   17.3123169    
   17.3362656    
   17.3602142    
   17.3841648    
   17.4081135    
   17.4320621    
   17.4560108    
   17.4799614    
   17.5039101    
   17.5278587    
   17.5518074    
   17.5757580    
   17.5997066    
   17.6236553    
   17.6476040    
   17.6715546    
   17.6955032    
   17.7194519    
   17.7434006    
   17.7673512    
   17.7912998    
   17.8152485    
   17.8391972    
   17.8631477    
   17.8870964    
   17.9110451    
   17.9349957    
   17.9589443    
   17.9828930    
   18.0068417    
   18.0307922    
   18.0547409    
   18.0786896    
   18.1026382    
   18.1265888    
   18.1505375    
   18.1744862    
   18.1984348    
   18.2223854    
   18.2463341    
   18.2702827    
   18.2942314    
   18.3181820    
   18.3421307    
   18.3660793    
   18.3900299    
   18.4139786    
   18.4379272    
   18.4618759    
   18.4858265    
   18.5097752    
   18.5337238    
   18.5576725    
   18.5816231    
   18.6055717    
   18.6295204    
   18.6534691    
   18.6774197    
   18.7013683    
   18.7253170    
   18.7492657    
   18.7732162    
   18.7971649    
   18.8211136    
   18.8450623    
   18.8690128    
   18.8929615    
   18.9169102    
   18.9408607    
   18.9648094    
   18.9887581    
   19.0127068    
   19.0366573    
   19.0606060    
   19.0845547    
   19.1085033    
   19.1324539    
   19.1564026    
   19.1803513    
   19.2042999    
   19.2282505    
   19.2521992    
   19.2761478    
   19.3000965    
   19.3240471    
   19.3479958    
   19.3719444    
   19.3958931    
   19.4198437    
   19.4437923    
   19.4677410    
   19.4916916    
   19.5156403    
   19.5395889    
   19.5635376    
   19.5874882    
   19.6114368    
   19.6353855    
   19.6593342    
   19.6832848    
   19.7072334    
   19.7311821    
   19.7551308    
   19.7790813    
   19.8030300    
   19.8269787    
   19.8509274    
   19.8748779    
   19.8988266    
   19.9227753    
   19.9467258    
   19.9706745    
   19.9946232    
   20.0185719    
   20.0425224    
   20.0664711    
   20.0904198    
   20.1143684    
   20.1383190    
   20.1622677    
   20.1862164    
   20.2101650    
   20.2341156    
   20.2580643    
   20.2820129    
   20.3059616    
   20.3299122    
   20.3538609    
   20.3778095    
   20.4017582    
   20.4257088    
   20.4496574    
   20.4736061    
   20.4975567    
   20.5215054    
   20.5454540    
   20.5694027    
   20.5933533    
   20.6173019    
   20.6412506    
   20.6651993    
   20.6891499    
   20.7130985    
   20.7370472    
   20.7609959    
   20.7849464    
   20.8088951    
   20.8328438    
   20.8567924    
   20.8807430    
   20.9046917    
   20.9286404    
   20.9525909    
   20.9765396    
   21.0004883    
   21.0244370    
   21.0483875    
   21.0723362    
   21.0962849    
   21.1202335    
   21.1441841    
   21.1681328    
   21.1920815    
   21.2160301    
   21.2399807    
   21.2639294    
   21.2878780    
   21.3118267    
   21.3357773    
   21.3597260    
   21.3836746    
   21.4076233    
   21.4315739    
   21.4555225    
   21.4794712    
   21.5034218    
   21.5273705    
   21.5513191    
   21.5752678    
   21.5992184    
   21.6231670    
   21.6471157    
   21.6710644    
   21.6950150    
   21.7189636    
   21.7429123    
   21.7668610    
   21.7908115    
   21.8147602    
   21.8387089    
   21.8626575    
   21.8866081    
   21.9105568    
   21.9345055    
   21.9584541    
   21.9824047    
   22.0063534    
   22.0303020    
   22.0542526    
   22.0782013    
   22.1021500    
   22.1260986    
   22.1500492    
   22.1739979    
   22.1979465    
   22.2218952    
   22.2458458    
   22.2697945    
   22.2937431    
   22.3176918    
   22.3416424    
   22.3655910    
   22.3895397    
   22.4134884    
   22.4374390    
   22.4613876    
   22.4853363    
   22.5092869    
   22.5332355    
   22.5571842    
   22.5811329    
   22.6050835    
   22.6290321    
   22.6529808    
   22.6769295    
   22.7008801    
   22.7248287    
   22.7487774    
   22.7727261    
   22.7966766    
   22.8206253    
   22.8445740    
   22.8685226    
   22.8924732    
   22.9164219    
   22.9403706    
   22.9643192    
   22.9882698    
   23.0122185    
   23.0361671    
   23.0601177    
   23.0840664    
   23.1080151    
   23.1319637    
   23.1559143    
   23.1798630    
   23.2038116    
   23.2277603    
   23.2517109    
   23.2756596    
   23.2996082    
   23.3235569    
   23.3475075    
   23.3714561    
   23.3954048    
   23.4193535    
   23.4433041    
   23.4672527    
   23.4912014    
   23.5151520    
   23.5391006    
   23.5630493    
   23.5869980    
   23.6109486    
   23.6348972    
   23.6588459    
   23.6827946    
   23.7067451    
   23.7306938    
   23.7546425    
   23.7785912    
   23.8025417    
   23.8264904    
   23.8504391    
   23.8743877    
   23.8983383    
   23.9222870    
   23.9462357    
   23.9701843    
   23.9941349    
   24.0180836    
   24.0420322    
   24.0659828    
   24.0899315    
   24.1138802    
   24.1378288    
   24.1617794    
   24.1857281    
   24.2096767    
   24.2336254    
   24.2575760    
   24.2815247    
   24.3054733    
   24.3294220    
   24.3533726    
   24.3773212    
   24.4012699    
   24.4252186    
   24.4491692    
   24.4731178    
   24.4970665    
   24.5210171    
   24.5449657    
   24.5689144    
   24.5928631    
   24.6168137    
   24.6407623    
   24.6647110    
   24.6886597    
   24.7126102    
   24.7365589    
   24.7605076    
   24.7844563    
   24.8084068    
   24.8323555    
   24.8563042    
   24.8802528    
   24.9042034    
   24.9281521    
   24.9521008    
   24.9760494    
   25.0000000    
